<?xml version="1.0" encoding="UTF-8"?>
<testsuite name="com.thoughtworks.collection.StreamSupplementTest" tests="1" skipped="0" failures="0" errors="0" timestamp="2022-08-31T14:50:57" hostname="MNLITA16-W10" time="0.027">
  <properties/>
  <testcase name="should_return_max_value()" classname="com.thoughtworks.collection.StreamSupplementTest" time="0.027"/>
  <system-out><![CDATA[]]></system-out>
  <system-err><![CDATA[]]></system-err>
</testsuite>
